<?xml version="1.0" encoding="utf-8"?>
<!DOCTYPE coverage SYSTEM "http://cobertura.sourceforge.net/xml/coverage-04.dtd">
<coverage line-rate="0.4103835978835979" branch-rate="0.39622641509433965" lines-covered="1241" lines-valid="3024" branches-covered="378" branches-valid="954" complexity="1084" version="0" timestamp="1757511417">
  <sources>
    <source>D:\Project\BrowserSelector\src\BrowserSelector.Core\</source>
    <source>D:\Project\BrowserSelector\src\</source>
  </sources>
  <packages>
    <package name="BrowserSelector.App" line-rate="0.08394160583941605" branch-rate="0" complexity="51">
      <classes>
        <class name="BrowserSelector.App.App" filename="D:\Project\BrowserSelector\src\BrowserSelector.App\App.xaml" line-rate="0" branch-rate="1" complexity="1">
          <methods>
            <method name="InitializeComponent" signature="()" line-rate="0" branch-rate="1" complexity="1">
              <lines>
                <line number="1" hits="0" branch="false" />
              </lines>
            </method>
          </methods>
          <lines>
            <line number="1" hits="0" branch="false" />
          </lines>
        </class>
        <class name="BrowserSelector.App.App" filename="D:\Project\BrowserSelector\src\BrowserSelector.App\App.xaml.cs" line-rate="0" branch-rate="0" complexity="34">
          <methods>
            <method name="OnExit" signature="()" line-rate="0" branch-rate="0" complexity="8">
              <lines>
                <line number="274" hits="0" branch="false" />
                <line number="276" hits="0" branch="false" />
                <line number="277" hits="0" branch="true" condition-coverage="0% (0/2)" />
                <line number="279" hits="0" branch="true" condition-coverage="0% (0/2)" />
                <line number="280" hits="0" branch="false" />
                <line number="281" hits="0" branch="false" />
                <line number="282" hits="0" branch="false" />
                <line number="283" hits="0" branch="false" />
                <line number="285" hits="0" branch="true" condition-coverage="0% (0/2)" />
                <line number="286" hits="0" branch="false" />
                <line number="287" hits="0" branch="false" />
                <line number="288" hits="0" branch="false" />
                <line number="289" hits="0" branch="true" condition-coverage="0% (0/2)" />
                <line number="290" hits="0" branch="false" />
                <line number="291" hits="0" branch="false" />
                <line number="292" hits="0" branch="false" />
                <line number="294" hits="0" branch="false" />
                <line number="296" hits="0" branch="false" />
                <line number="297" hits="0" branch="false" />
                <line number="299" hits="0" branch="false" />
                <line number="300" hits="0" branch="false" />
              </lines>
            </method>
            <method name="OnStartup" signature="()" line-rate="0" branch-rate="0" complexity="26">
              <lines>
                <line number="25" hits="0" branch="false" />
                <line number="27" hits="0" branch="false" />
                <line number="29" hits="0" branch="true" condition-coverage="0% (0/2)" />
                <line number="30" hits="0" branch="false" />
                <line number="32" hits="0" branch="true" condition-coverage="0% (0/2)" />
                <line number="34" hits="0" branch="false" />
                <line number="35" hits="0" branch="false" />
                <line number="36" hits="0" branch="false" />
                <line number="37" hits="0" branch="false" />
                <line number="38" hits="0" branch="false" />
                <line number="39" hits="0" branch="false" />
                <line number="40" hits="0" branch="false" />
                <line number="43" hits="0" branch="false" />
                <line number="46" hits="0" branch="false" />
                <line number="47" hits="0" branch="false" />
                <line number="48" hits="0" branch="false" />
                <line number="51" hits="0" branch="false" />
                <line number="52" hits="0" branch="false" />
                <line number="53" hits="0" branch="false" />
                <line number="54" hits="0" branch="false" />
                <line number="55" hits="0" branch="false" />
                <line number="58" hits="0" branch="false" />
                <line number="59" hits="0" branch="false" />
                <line number="60" hits="0" branch="false" />
                <line number="61" hits="0" branch="false" />
                <line number="65" hits="0" branch="false" />
                <line number="66" hits="0" branch="false" />
                <line number="67" hits="0" branch="false" />
                <line number="68" hits="0" branch="true" condition-coverage="0% (0/2)" />
                <line number="69" hits="0" branch="false" />
                <line number="70" hits="0" branch="false" />
                <line number="71" hits="0" branch="false" />
                <line number="72" hits="0" branch="false" />
                <line number="73" hits="0" branch="false" />
                <line number="74" hits="0" branch="false" />
                <line number="75" hits="0" branch="false" />
                <line number="76" hits="0" branch="false" />
                <line number="77" hits="0" branch="false" />
                <line number="80" hits="0" branch="false" />
                <line number="81" hits="0" branch="true" condition-coverage="0% (0/2)" />
                <line number="82" hits="0" branch="false" />
                <line number="83" hits="0" branch="false" />
                <line number="84" hits="0" branch="false" />
                <line number="85" hits="0" branch="false" />
                <line number="86" hits="0" branch="false" />
                <line number="91" hits="0" branch="false" />
                <line number="92" hits="0" branch="false" />
                <line number="93" hits="0" branch="false" />
                <line number="95" hits="0" branch="false" />
                <line number="96" hits="0" branch="false" />
                <line number="98" hits="0" branch="false" />
                <line number="100" hits="0" branch="false" />
                <line number="101" hits="0" branch="false" />
                <line number="103" hits="0" branch="false" />
                <line number="104" hits="0" branch="false" />
                <line number="105" hits="0" branch="false" />
                <line number="106" hits="0" branch="false" />
                <line number="107" hits="0" branch="false" />
                <line number="108" hits="0" branch="false" />
                <line number="109" hits="0" branch="false" />
                <line number="110" hits="0" branch="false" />
                <line number="114" hits="0" branch="true" condition-coverage="0% (0/2)" />
                <line number="115" hits="0" branch="false" />
                <line number="116" hits="0" branch="true" condition-coverage="0% (0/2)" />
                <line number="117" hits="0" branch="false" />
                <line number="118" hits="0" branch="false" />
                <line number="119" hits="0" branch="false" />
                <line number="121" hits="0" branch="false" />
                <line number="122" hits="0" branch="false" />
                <line number="123" hits="0" branch="false" />
                <line number="124" hits="0" branch="false" />
                <line number="126" hits="0" branch="false" />
                <line number="127" hits="0" branch="false" />
                <line number="128" hits="0" branch="false" />
                <line number="132" hits="0" branch="false" />
                <line number="133" hits="0" branch="false" />
                <line number="134" hits="0" branch="false" />
                <line number="135" hits="0" branch="false" />
                <line number="138" hits="0" branch="false" />
                <line number="140" hits="0" branch="false" />
                <line number="144" hits="0" branch="true" condition-coverage="0% (0/2)" />
                <line number="145" hits="0" branch="false" />
                <line number="148" hits="0" branch="true" condition-coverage="0% (0/4)" />
                <line number="151" hits="0" branch="false" />
                <line number="152" hits="0" branch="false" />
                <line number="153" hits="0" branch="false" />
                <line number="155" hits="0" branch="false" />
                <line number="156" hits="0" branch="false" />
                <line number="157" hits="0" branch="false" />
                <line number="159" hits="0" branch="false" />
                <line number="160" hits="0" branch="false" />
                <line number="161" hits="0" branch="false" />
                <line number="164" hits="0" branch="false" />
                <line number="165" hits="0" branch="false" />
                <line number="166" hits="0" branch="false" />
                <line number="167" hits="0" branch="false" />
                <line number="168" hits="0" branch="false" />
                <line number="169" hits="0" branch="false" />
                <line number="170" hits="0" branch="false" />
                <line number="171" hits="0" branch="false" />
                <line number="172" hits="0" branch="false" />
                <line number="173" hits="0" branch="false" />
                <line number="174" hits="0" branch="false" />
                <line number="175" hits="0" branch="false" />
                <line number="177" hits="0" branch="false" />
                <line number="178" hits="0" branch="false" />
                <line number="179" hits="0" branch="false" />
                <line number="180" hits="0" branch="false" />
                <line number="181" hits="0" branch="false" />
                <line number="184" hits="0" branch="false" />
                <line number="185" hits="0" branch="false" />
                <line number="187" hits="0" branch="false" />
                <line number="188" hits="0" branch="false" />
                <line number="189" hits="0" branch="false" />
                <line number="190" hits="0" branch="false" />
                <line number="191" hits="0" branch="false" />
                <line number="192" hits="0" branch="false" />
                <line number="195" hits="0" branch="false" />
                <line number="196" hits="0" branch="false" />
                <line number="197" hits="0" branch="false" />
                <line number="198" hits="0" branch="false" />
                <line number="199" hits="0" branch="false" />
                <line number="200" hits="0" branch="false" />
                <line number="201" hits="0" branch="true" condition-coverage="0% (0/2)" />
                <line number="202" hits="0" branch="false" />
                <line number="203" hits="0" branch="false" />
                <line number="204" hits="0" branch="true" condition-coverage="0% (0/2)" />
                <line number="205" hits="0" branch="false" />
                <line number="206" hits="0" branch="false" />
                <line number="207" hits="0" branch="false" />
                <line number="208" hits="0" branch="false" />
                <line number="209" hits="0" branch="false" />
                <line number="210" hits="0" branch="false" />
                <line number="211" hits="0" branch="false" />
                <line number="212" hits="0" branch="true" condition-coverage="0% (0/2)" />
                <line number="213" hits="0" branch="false" />
                <line number="214" hits="0" branch="false" />
                <line number="215" hits="0" branch="false" />
                <line number="216" hits="0" branch="false" />
                <line number="217" hits="0" branch="false" />
                <line number="218" hits="0" branch="false" />
                <line number="219" hits="0" branch="false" />
                <line number="220" hits="0" branch="false" />
                <line number="221" hits="0" branch="false" />
                <line number="222" hits="0" branch="false" />
                <line number="223" hits="0" branch="false" />
                <line number="224" hits="0" branch="false" />
                <line number="225" hits="0" branch="false" />
                <line number="226" hits="0" branch="false" />
                <line number="227" hits="0" branch="false" />
                <line number="228" hits="0" branch="false" />
                <line number="229" hits="0" branch="false" />
                <line number="230" hits="0" branch="false" />
                <line number="232" hits="0" branch="false" />
                <line number="233" hits="0" branch="false" />
                <line number="234" hits="0" branch="false" />
                <line number="235" hits="0" branch="false" />
                <line number="237" hits="0" branch="false" />
                <line number="238" hits="0" branch="true" condition-coverage="0% (0/2)" />
                <line number="239" hits="0" branch="false" />
                <line number="240" hits="0" branch="false" />
                <line number="241" hits="0" branch="false" />
                <line number="242" hits="0" branch="false" />
                <line number="244" hits="0" branch="true" condition-coverage="0% (0/2)" />
                <line number="245" hits="0" branch="false" />
                <line number="247" hits="0" branch="true" condition-coverage="0% (0/2)" />
                <line number="248" hits="0" branch="false" />
                <line number="249" hits="0" branch="false" />
                <line number="250" hits="0" branch="false" />
                <line number="252" hits="0" branch="false" />
                <line number="254" hits="0" branch="false" />
                <line number="255" hits="0" branch="false" />
                <line number="256" hits="0" branch="false" />
                <line number="257" hits="0" branch="false" />
                <line number="260" hits="0" branch="true" condition-coverage="0% (0/2)" />
                <line number="261" hits="0" branch="false" />
                <line number="262" hits="0" branch="false" />
                <line number="266" hits="0" branch="false" />
                <line number="267" hits="0" branch="false" />
                <line number="268" hits="0" branch="false" />
                <line number="269" hits="0" branch="false" />
                <line number="270" hits="0" branch="false" />
              </lines>
            </method>
          </methods>
          <lines>
            <line number="25" hits="0" branch="false" />
            <line number="27" hits="0" branch="false" />
            <line number="29" hits="0" branch="true" condition-coverage="0% (0/2)" />
            <line number="30" hits="0" branch="false" />
            <line number="32" hits="0" branch="true" condition-coverage="0% (0/2)" />
            <line number="34" hits="0" branch="false" />
            <line number="35" hits="0" branch="false" />
            <line number="36" hits="0" branch="false" />
            <line number="37" hits="0" branch="false" />
            <line number="38" hits="0" branch="false" />
            <line number="39" hits="0" branch="false" />
            <line number="40" hits="0" branch="false" />
            <line number="43" hits="0" branch="false" />
            <line number="46" hits="0" branch="false" />
            <line number="47" hits="0" branch="false" />
            <line number="48" hits="0" branch="false" />
            <line number="51" hits="0" branch="false" />
            <line number="52" hits="0" branch="false" />
            <line number="53" hits="0" branch="false" />
            <line number="54" hits="0" branch="false" />
            <line number="55" hits="0" branch="false" />
            <line number="58" hits="0" branch="false" />
            <line number="59" hits="0" branch="false" />
            <line number="60" hits="0" branch="false" />
            <line number="61" hits="0" branch="false" />
            <line number="65" hits="0" branch="false" />
            <line number="66" hits="0" branch="false" />
            <line number="67" hits="0" branch="false" />
            <line number="68" hits="0" branch="true" condition-coverage="0% (0/2)" />
            <line number="69" hits="0" branch="false" />
            <line number="70" hits="0" branch="false" />
            <line number="71" hits="0" branch="false" />
            <line number="72" hits="0" branch="false" />
            <line number="73" hits="0" branch="false" />
            <line number="74" hits="0" branch="false" />
            <line number="75" hits="0" branch="false" />
            <line number="76" hits="0" branch="false" />
            <line number="77" hits="0" branch="false" />
            <line number="80" hits="0" branch="false" />
            <line number="81" hits="0" branch="true" condition-coverage="0% (0/2)" />
            <line number="82" hits="0" branch="false" />
            <line number="83" hits="0" branch="false" />
            <line number="84" hits="0" branch="false" />
            <line number="85" hits="0" branch="false" />
            <line number="86" hits="0" branch="false" />
            <line number="91" hits="0" branch="false" />
            <line number="92" hits="0" branch="false" />
            <line number="93" hits="0" branch="false" />
            <line number="95" hits="0" branch="false" />
            <line number="96" hits="0" branch="false" />
            <line number="98" hits="0" branch="false" />
            <line number="100" hits="0" branch="false" />
            <line number="101" hits="0" branch="false" />
            <line number="103" hits="0" branch="false" />
            <line number="104" hits="0" branch="false" />
            <line number="105" hits="0" branch="false" />
            <line number="106" hits="0" branch="false" />
            <line number="107" hits="0" branch="false" />
            <line number="108" hits="0" branch="false" />
            <line number="109" hits="0" branch="false" />
            <line number="110" hits="0" branch="false" />
            <line number="114" hits="0" branch="true" condition-coverage="0% (0/2)" />
            <line number="115" hits="0" branch="false" />
            <line number="116" hits="0" branch="true" condition-coverage="0% (0/2)" />
            <line number="117" hits="0" branch="false" />
            <line number="118" hits="0" branch="false" />
            <line number="119" hits="0" branch="false" />
            <line number="121" hits="0" branch="false" />
            <line number="122" hits="0" branch="false" />
            <line number="123" hits="0" branch="false" />
            <line number="124" hits="0" branch="false" />
            <line number="126" hits="0" branch="false" />
            <line number="127" hits="0" branch="false" />
            <line number="128" hits="0" branch="false" />
            <line number="132" hits="0" branch="false" />
            <line number="133" hits="0" branch="false" />
            <line number="134" hits="0" branch="false" />
            <line number="135" hits="0" branch="false" />
            <line number="138" hits="0" branch="false" />
            <line number="140" hits="0" branch="false" />
            <line number="144" hits="0" branch="true" condition-coverage="0% (0/2)" />
            <line number="145" hits="0" branch="false" />
            <line number="148" hits="0" branch="true" condition-coverage="0% (0/4)" />
            <line number="151" hits="0" branch="false" />
            <line number="152" hits="0" branch="false" />
            <line number="153" hits="0" branch="false" />
            <line number="155" hits="0" branch="false" />
            <line number="156" hits="0" branch="false" />
            <line number="157" hits="0" branch="false" />
            <line number="159" hits="0" branch="false" />
            <line number="160" hits="0" branch="false" />
            <line number="161" hits="0" branch="false" />
            <line number="164" hits="0" branch="false" />
            <line number="165" hits="0" branch="false" />
            <line number="166" hits="0" branch="false" />
            <line number="167" hits="0" branch="false" />
            <line number="168" hits="0" branch="false" />
            <line number="169" hits="0" branch="false" />
            <line number="170" hits="0" branch="false" />
            <line number="171" hits="0" branch="false" />
            <line number="172" hits="0" branch="false" />
            <line number="173" hits="0" branch="false" />
            <line number="174" hits="0" branch="false" />
            <line number="175" hits="0" branch="false" />
            <line number="177" hits="0" branch="false" />
            <line number="178" hits="0" branch="false" />
            <line number="179" hits="0" branch="false" />
            <line number="180" hits="0" branch="false" />
            <line number="181" hits="0" branch="false" />
            <line number="184" hits="0" branch="false" />
            <line number="185" hits="0" branch="false" />
            <line number="187" hits="0" branch="false" />
            <line number="188" hits="0" branch="false" />
            <line number="189" hits="0" branch="false" />
            <line number="190" hits="0" branch="false" />
            <line number="191" hits="0" branch="false" />
            <line number="192" hits="0" branch="false" />
            <line number="195" hits="0" branch="false" />
            <line number="196" hits="0" branch="false" />
            <line number="197" hits="0" branch="false" />
            <line number="198" hits="0" branch="false" />
            <line number="199" hits="0" branch="false" />
            <line number="200" hits="0" branch="false" />
            <line number="201" hits="0" branch="true" condition-coverage="0% (0/2)" />
            <line number="202" hits="0" branch="false" />
            <line number="203" hits="0" branch="false" />
            <line number="204" hits="0" branch="true" condition-coverage="0% (0/2)" />
            <line number="205" hits="0" branch="false" />
            <line number="206" hits="0" branch="false" />
            <line number="207" hits="0" branch="false" />
            <line number="208" hits="0" branch="false" />
            <line number="209" hits="0" branch="false" />
            <line number="210" hits="0" branch="false" />
            <line number="211" hits="0" branch="false" />
            <line number="212" hits="0" branch="true" condition-coverage="0% (0/2)" />
            <line number="213" hits="0" branch="false" />
            <line number="214" hits="0" branch="false" />
            <line number="215" hits="0" branch="false" />
            <line number="216" hits="0" branch="false" />
            <line number="217" hits="0" branch="false" />
            <line number="218" hits="0" branch="false" />
            <line number="219" hits="0" branch="false" />
            <line number="220" hits="0" branch="false" />
            <line number="221" hits="0" branch="false" />
            <line number="222" hits="0" branch="false" />
            <line number="223" hits="0" branch="false" />
            <line number="224" hits="0" branch="false" />
            <line number="225" hits="0" branch="false" />
            <line number="226" hits="0" branch="false" />
            <line number="227" hits="0" branch="false" />
            <line number="228" hits="0" branch="false" />
            <line number="229" hits="0" branch="false" />
            <line number="230" hits="0" branch="false" />
            <line number="232" hits="0" branch="false" />
            <line number="233" hits="0" branch="false" />
            <line number="234" hits="0" branch="false" />
            <line number="235" hits="0" branch="false" />
            <line number="237" hits="0" branch="false" />
            <line number="238" hits="0" branch="true" condition-coverage="0% (0/2)" />
            <line number="239" hits="0" branch="false" />
            <line number="240" hits="0" branch="false" />
            <line number="241" hits="0" branch="false" />
            <line number="242" hits="0" branch="false" />
            <line number="244" hits="0" branch="true" condition-coverage="0% (0/2)" />
            <line number="245" hits="0" branch="false" />
            <line number="247" hits="0" branch="true" condition-coverage="0% (0/2)" />
            <line number="248" hits="0" branch="false" />
            <line number="249" hits="0" branch="false" />
            <line number="250" hits="0" branch="false" />
            <line number="252" hits="0" branch="false" />
            <line number="254" hits="0" branch="false" />
            <line number="255" hits="0" branch="false" />
            <line number="256" hits="0" branch="false" />
            <line number="257" hits="0" branch="false" />
            <line number="260" hits="0" branch="true" condition-coverage="0% (0/2)" />
            <line number="261" hits="0" branch="false" />
            <line number="262" hits="0" branch="false" />
            <line number="266" hits="0" branch="false" />
            <line number="267" hits="0" branch="false" />
            <line number="268" hits="0" branch="false" />
            <line number="269" hits="0" branch="false" />
            <line number="270" hits="0" branch="false" />
            <line number="274" hits="0" branch="false" />
            <line number="276" hits="0" branch="false" />
            <line number="277" hits="0" branch="true" condition-coverage="0% (0/2)" />
            <line number="279" hits="0" branch="true" condition-coverage="0% (0/2)" />
            <line number="280" hits="0" branch="false" />
            <line number="281" hits="0" branch="false" />
            <line number="282" hits="0" branch="false" />
            <line number="283" hits="0" branch="false" />
            <line number="285" hits="0" branch="true" condition-coverage="0% (0/2)" />
            <line number="286" hits="0" branch="false" />
            <line number="287" hits="0" branch="false" />
            <line number="288" hits="0" branch="false" />
            <line number="289" hits="0" branch="true" condition-coverage="0% (0/2)" />
            <line number="290" hits="0" branch="false" />
            <line number="291" hits="0" branch="false" />
            <line number="292" hits="0" branch="false" />
            <line number="294" hits="0" branch="false" />
            <line number="296" hits="0" branch="false" />
            <line number="297" hits="0" branch="false" />
            <line number="299" hits="0" branch="false" />
            <line number="300" hits="0" branch="false" />
          </lines>
        </class>
        <class name="BrowserSelector.App.App" filename="D:\Project\BrowserSelector\src\BrowserSelector.App\obj\Debug\net8.0-windows\App.g.cs" line-rate="0" branch-rate="0" complexity="2">
          <methods>
            <method name="InitializeComponent" signature="()" line-rate="0" branch-rate="0" complexity="2">
              <lines>
                <line number="50" hits="0" branch="false" />
                <line number="51" hits="0" branch="true" condition-coverage="0% (0/2)" />
                <line number="52" hits="0" branch="false" />
                <line number="54" hits="0" branch="false" />
                <line number="55" hits="0" branch="false" />
              </lines>
            </method>
          </methods>
          <lines>
            <line number="50" hits="0" branch="false" />
            <line number="51" hits="0" branch="true" condition-coverage="0% (0/2)" />
            <line number="52" hits="0" branch="false" />
            <line number="54" hits="0" branch="false" />
            <line number="55" hits="0" branch="false" />
          </lines>
        </class>
        <class name="BrowserSelector.App.DependencyInjection.ServiceCollectionExtensions" filename="D:\Project\BrowserSelector\src\BrowserSelector.App\DependencyInjection\ServiceCollectionExtensions.cs" line-rate="1" branch-rate="1" complexity="1">
          <methods>
            <method name="AddBrowserSelectorServices" signature="(Microsoft.Extensions.DependencyInjection.IServiceCollection)" line-rate="1" branch-rate="1" complexity="1">
              <lines>
                <line number="22" hits="38" branch="false" />
                <line number="24" hits="38" branch="false" />
                <line number="25" hits="38" branch="false" />
                <line number="26" hits="51" branch="false" />
                <line number="27" hits="38" branch="false" />
                <line number="28" hits="48" branch="false" />
                <line number="29" hits="38" branch="false" />
                <line number="30" hits="47" branch="false" />
                <line number="31" hits="38" branch="false" />
                <line number="32" hits="51" branch="false" />
                <line number="33" hits="38" branch="false" />
                <line number="34" hits="46" branch="false" />
                <line number="37" hits="38" branch="false" />
                <line number="38" hits="38" branch="false" />
                <line number="39" hits="51" branch="false" />
                <line number="40" hits="38" branch="false" />
                <line number="41" hits="38" branch="false" />
                <line number="42" hits="42" branch="false" />
                <line number="45" hits="38" branch="false" />
                <line number="46" hits="38" branch="false" />
                <line number="47" hits="38" branch="false" />
                <line number="49" hits="38" branch="false" />
                <line number="50" hits="38" branch="false" />
              </lines>
            </method>
          </methods>
          <lines>
            <line number="22" hits="38" branch="false" />
            <line number="24" hits="38" branch="false" />
            <line number="25" hits="38" branch="false" />
            <line number="26" hits="51" branch="false" />
            <line number="27" hits="38" branch="false" />
            <line number="28" hits="48" branch="false" />
            <line number="29" hits="38" branch="false" />
            <line number="30" hits="47" branch="false" />
            <line number="31" hits="38" branch="false" />
            <line number="32" hits="51" branch="false" />
            <line number="33" hits="38" branch="false" />
            <line number="34" hits="46" branch="false" />
            <line number="37" hits="38" branch="false" />
            <line number="38" hits="38" branch="false" />
            <line number="39" hits="51" branch="false" />
            <line number="40" hits="38" branch="false" />
            <line number="41" hits="38" branch="false" />
            <line number="42" hits="42" branch="false" />
            <line number="45" hits="38" branch="false" />
            <line number="46" hits="38" branch="false" />
            <line number="47" hits="38" branch="false" />
            <line number="49" hits="38" branch="false" />
            <line number="50" hits="38" branch="false" />
          </lines>
        </class>
        <class name="BrowserSelector.App.MainWindow" filename="D:\Project\BrowserSelector\src\BrowserSelector.App\MainWindow.xaml" line-rate="0" branch-rate="1" complexity="1">
          <methods>
            <method name="InitializeComponent" signature="()" line-rate="0" branch-rate="1" complexity="1">
              <lines>
                <line number="1" hits="0" branch="false" />
              </lines>
            </method>
          </methods>
          <lines>
            <line number="1" hits="0" branch="false" />
          </lines>
        </class>
        <class name="BrowserSelector.App.MainWindow" filename="D:\Project\BrowserSelector\src\BrowserSelector.App\MainWindow.xaml.cs" line-rate="0" branch-rate="1" complexity="1">
          <methods>
            <method name=".ctor" signature="()" line-rate="0" branch-rate="1" complexity="1">
              <lines>
                <line number="13" hits="0" branch="false" />
                <line number="14" hits="0" branch="false" />
                <line number="15" hits="0" branch="false" />
                <line number="16" hits="0" branch="false" />
              </lines>
            </method>
          </methods>
          <lines>
            <line number="13" hits="0" branch="false" />
            <line number="14" hits="0" branch="false" />
            <line number="15" hits="0" branch="false" />
            <line number="16" hits="0" branch="false" />
          </lines>
        </class>
        <class name="BrowserSelector.App.MainWindow" filename="D:\Project\BrowserSelector\src\BrowserSelector.App\obj\Debug\net8.0-windows\MainWindow.g.cs" line-rate="0" branch-rate="0" complexity="2">
          <methods>
            <method name="InitializeComponent" signature="()" line-rate="0" branch-rate="0" complexity="2">
              <lines>
                <line number="50" hits="0" branch="false" />
                <line number="51" hits="0" branch="true" condition-coverage="0% (0/2)" />
                <line number="52" hits="0" branch="false" />
                <line number="54" hits="0" branch="false" />
                <line number="55" hits="0" branch="false" />
              </lines>
            </method>
          </methods>
          <lines>
            <line number="50" hits="0" branch="false" />
            <line number="51" hits="0" branch="true" condition-coverage="0% (0/2)" />
            <line number="52" hits="0" branch="false" />
            <line number="54" hits="0" branch="false" />
            <line number="55" hits="0" branch="false" />
          </lines>
        </class>
        <class name="BrowserSelector.App.Program" filename="D:\Project\BrowserSelector\src\BrowserSelector.App\Program.cs" line-rate="0" branch-rate="0" complexity="8">
          <methods>
            <method name="Main" signature="(System.String[])" line-rate="0" branch-rate="0" complexity="8">
              <lines>
                <line number="17" hits="0" branch="false" />
                <line number="19" hits="0" branch="false" />
                <line number="21" hits="0" branch="true" condition-coverage="0% (0/2)" />
                <line number="23" hits="0" branch="true" condition-coverage="0% (0/2)" />
                <line number="24" hits="0" branch="false" />
                <line number="25" hits="0" branch="false" />
                <line number="26" hits="0" branch="false" />
                <line number="28" hits="0" branch="false" />
                <line number="29" hits="0" branch="false" />
                <line number="30" hits="0" branch="false" />
                <line number="31" hits="0" branch="false" />
                <line number="32" hits="0" branch="false" />
                <line number="33" hits="0" branch="false" />
                <line number="35" hits="0" branch="true" condition-coverage="0% (0/4)" />
                <line number="36" hits="0" branch="false" />
                <line number="37" hits="0" branch="false" />
                <line number="38" hits="0" branch="false" />
                <line number="39" hits="0" branch="false" />
                <line number="43" hits="0" branch="false" />
                <line number="44" hits="0" branch="false" />
                <line number="45" hits="0" branch="false" />
                <line number="46" hits="0" branch="false" />
              </lines>
            </method>
          </methods>
          <lines>
            <line number="17" hits="0" branch="false" />
            <line number="19" hits="0" branch="false" />
            <line number="21" hits="0" branch="true" condition-coverage="0% (0/2)" />
            <line number="23" hits="0" branch="true" condition-coverage="0% (0/2)" />
            <line number="24" hits="0" branch="false" />
            <line number="25" hits="0" branch="false" />
            <line number="26" hits="0" branch="false" />
            <line number="28" hits="0" branch="false" />
            <line number="29" hits="0" branch="false" />
            <line number="30" hits="0" branch="false" />
            <line number="31" hits="0" branch="false" />
            <line number="32" hits="0" branch="false" />
            <line number="33" hits="0" branch="false" />
            <line number="35" hits="0" branch="true" condition-coverage="0% (0/4)" />
            <line number="36" hits="0" branch="false" />
            <line number="37" hits="0" branch="false" />
            <line number="38" hits="0" branch="false" />
            <line number="39" hits="0" branch="false" />
            <line number="43" hits="0" branch="false" />
            <line number="44" hits="0" branch="false" />
            <line number="45" hits="0" branch="false" />
            <line number="46" hits="0" branch="false" />
          </lines>
        </class>
        <class name="BrowserSelector.App.TestProgram" filename="D:\Project\BrowserSelector\src\BrowserSelector.App\TestProgram.cs" line-rate="0" branch-rate="1" complexity="1">
          <methods>
            <method name="Main" signature="(System.String[])" line-rate="0" branch-rate="1" complexity="1">
              <lines>
                <line number="14" hits="0" branch="false" />
                <line number="16" hits="0" branch="false" />
                <line number="18" hits="0" branch="false" />
                <line number="19" hits="0" branch="false" />
                <line number="20" hits="0" branch="false" />
                <line number="21" hits="0" branch="false" />
                <line number="22" hits="0" branch="false" />
                <line number="23" hits="0" branch="false" />
                <line number="25" hits="0" branch="false" />
                <line number="27" hits="0" branch="false" />
              </lines>
            </method>
          </methods>
          <lines>
            <line number="14" hits="0" branch="false" />
            <line number="16" hits="0" branch="false" />
            <line number="18" hits="0" branch="false" />
            <line number="19" hits="0" branch="false" />
            <line number="20" hits="0" branch="false" />
            <line number="21" hits="0" branch="false" />
            <line number="22" hits="0" branch="false" />
            <line number="23" hits="0" branch="false" />
            <line number="25" hits="0" branch="false" />
            <line number="27" hits="0" branch="false" />
          </lines>
        </class>
      </classes>
    </package>
    <package name="BrowserSelector.Core" line-rate="0.6286919831223629" branch-rate="0.4473684210526316" complexity="112">
      <classes>
        <class name="BrowserSelector.Core.Models.AppSettings" filename="D:\Project\BrowserSelector\src\BrowserSelector.Core\Models\AppSettings.cs" line-rate="1" branch-rate="1" complexity="1">
          <methods>
            <method name=".ctor" signature="()" line-rate="1" branch-rate="1" complexity="1">
              <lines>
                <line number="15" hits="138" branch="false" />
                <line number="18" hits="138" branch="false" />
                <line number="21" hits="138" branch="false" />
                <line number="24" hits="138" branch="false" />
                <line number="27" hits="138" branch="false" />
                <line number="30" hits="138" branch="false" />
                <line number="33" hits="138" branch="false" />
                <line number="36" hits="138" branch="false" />
              </lines>
            </method>
          </methods>
          <lines>
            <line number="15" hits="138" branch="false" />
            <line number="18" hits="138" branch="false" />
            <line number="21" hits="138" branch="false" />
            <line number="24" hits="138" branch="false" />
            <line number="27" hits="138" branch="false" />
            <line number="30" hits="138" branch="false" />
            <line number="33" hits="138" branch="false" />
            <line number="36" hits="138" branch="false" />
          </lines>
        </class>
        <class name="BrowserSelector.Core.Models.Browser" filename="D:\Project\BrowserSelector\src\BrowserSelector.Core\Models\Browser.cs" line-rate="1" branch-rate="1" complexity="9">
          <methods>
            <method name="get_Id" signature="()" line-rate="1" branch-rate="1" complexity="1">
              <lines>
                <line number="95" hits="195" branch="false" />
              </lines>
            </method>
            <method name="get_Type" signature="()" line-rate="1" branch-rate="1" complexity="1">
              <lines>
                <line number="100" hits="241" branch="false" />
              </lines>
            </method>
            <method name="get_IsValid" signature="()" line-rate="1" branch-rate="1" complexity="2">
              <lines>
                <line number="105" hits="56" branch="true" condition-coverage="100% (2/2)" />
              </lines>
            </method>
            <method name="get_DisplayName" signature="()" line-rate="1" branch-rate="1" complexity="2">
              <lines>
                <line number="110" hits="12" branch="true" condition-coverage="100% (2/2)" />
              </lines>
            </method>
            <method name="IncrementUseCount" signature="()" line-rate="1" branch-rate="1" complexity="1">
              <lines>
                <line number="116" hits="6" branch="false" />
                <line number="117" hits="6" branch="false" />
                <line number="118" hits="6" branch="false" />
                <line number="119" hits="6" branch="false" />
              </lines>
            </method>
            <method name="Clone" signature="()" line-rate="1" branch-rate="1" complexity="1">
              <lines>
                <line number="126" hits="6" branch="false" />
                <line number="127" hits="6" branch="false" />
                <line number="128" hits="6" branch="false" />
                <line number="129" hits="6" branch="false" />
                <line number="130" hits="6" branch="false" />
                <line number="131" hits="6" branch="false" />
                <line number="132" hits="6" branch="false" />
                <line number="133" hits="6" branch="false" />
                <line number="134" hits="6" branch="false" />
                <line number="135" hits="6" branch="false" />
                <line number="136" hits="6" branch="false" />
                <line number="137" hits="6" branch="false" />
                <line number="138" hits="6" branch="false" />
                <line number="139" hits="6" branch="false" />
              </lines>
            </method>
            <method name=".ctor" signature="()" line-rate="1" branch-rate="1" complexity="1">
              <lines>
                <line number="66" hits="99" branch="false" />
                <line number="69" hits="99" branch="false" />
                <line number="72" hits="99" branch="false" />
                <line number="75" hits="99" branch="false" />
                <line number="81" hits="99" branch="false" />
                <line number="87" hits="99" branch="false" />
              </lines>
            </method>
          </methods>
          <lines>
            <line number="66" hits="99" branch="false" />
            <line number="69" hits="99" branch="false" />
            <line number="72" hits="99" branch="false" />
            <line number="75" hits="99" branch="false" />
            <line number="81" hits="99" branch="false" />
            <line number="87" hits="99" branch="false" />
            <line number="95" hits="195" branch="false" />
            <line number="100" hits="241" branch="false" />
            <line number="105" hits="56" branch="true" condition-coverage="100% (2/2)" />
            <line number="110" hits="12" branch="true" condition-coverage="100% (2/2)" />
            <line number="116" hits="6" branch="false" />
            <line number="117" hits="6" branch="false" />
            <line number="118" hits="6" branch="false" />
            <line number="119" hits="6" branch="false" />
            <line number="126" hits="6" branch="false" />
            <line number="127" hits="6" branch="false" />
            <line number="128" hits="6" branch="false" />
            <line number="129" hits="6" branch="false" />
            <line number="130" hits="6" branch="false" />
            <line number="131" hits="6" branch="false" />
            <line number="132" hits="6" branch="false" />
            <line number="133" hits="6" branch="false" />
            <line number="134" hits="6" branch="false" />
            <line number="135" hits="6" branch="false" />
            <line number="136" hits="6" branch="false" />
            <line number="137" hits="6" branch="false" />
            <line number="138" hits="6" branch="false" />
            <line number="139" hits="6" branch="false" />
          </lines>
        </class>
        <class name="BrowserSelector.Core.Models.CustomLanguageFile" filename="D:\Project\BrowserSelector\src\BrowserSelector.Core\Models\CustomLanguageFile.cs" line-rate="1" branch-rate="1" complexity="8">
          <methods>
            <method name="get_CultureCode" signature="()" line-rate="1" branch-rate="1" complexity="1">
              <lines>
                <line number="15" hits="396" branch="false" />
              </lines>
            </method>
            <method name="get_DisplayName" signature="()" line-rate="1" branch-rate="1" complexity="1">
              <lines>
                <line number="20" hits="317" branch="false" />
              </lines>
            </method>
            <method name="get_Resources" signature="()" line-rate="1" branch-rate="1" complexity="1">
              <lines>
                <line number="25" hits="353" branch="false" />
              </lines>
            </method>
            <method name="get_CreatedAt" signature="()" line-rate="1" branch-rate="1" complexity="1">
              <lines>
                <line number="30" hits="245" branch="false" />
              </lines>
            </method>
            <method name="get_UpdatedAt" signature="()" line-rate="1" branch-rate="1" complexity="1">
              <lines>
                <line number="35" hits="245" branch="false" />
              </lines>
            </method>
            <method name="get_Version" signature="()" line-rate="1" branch-rate="1" complexity="1">
              <lines>
                <line number="40" hits="253" branch="false" />
              </lines>
            </method>
            <method name="get_Description" signature="()" line-rate="1" branch-rate="1" complexity="1">
              <lines>
                <line number="45" hits="122" branch="false" />
              </lines>
            </method>
            <method name="get_Author" signature="()" line-rate="1" branch-rate="1" complexity="1">
              <lines>
                <line number="50" hits="122" branch="false" />
              </lines>
            </method>
          </methods>
          <lines>
            <line number="15" hits="396" branch="false" />
            <line number="20" hits="317" branch="false" />
            <line number="25" hits="353" branch="false" />
            <line number="30" hits="245" branch="false" />
            <line number="35" hits="245" branch="false" />
            <line number="40" hits="253" branch="false" />
            <line number="45" hits="122" branch="false" />
            <line number="50" hits="122" branch="false" />
          </lines>
        </class>
        <class name="BrowserSelector.Core.Models.LanguageCodeInfo" filename="D:\Project\BrowserSelector\src\BrowserSelector.Core\Models\LanguageCodeInfo.cs" line-rate="0.75" branch-rate="1" complexity="5">
          <methods>
            <method name="get_Code" signature="()" line-rate="1" branch-rate="1" complexity="1">
              <lines>
                <line number="29" hits="267" branch="false" />
              </lines>
            </method>
            <method name="get_DisplayName" signature="()" line-rate="1" branch-rate="1" complexity="1">
              <lines>
                <line number="34" hits="267" branch="false" />
              </lines>
            </method>
            <method name="get_NativeName" signature="()" line-rate="1" branch-rate="1" complexity="1">
              <lines>
                <line number="39" hits="267" branch="false" />
              </lines>
            </method>
            <method name="ToString" signature="()" line-rate="0" branch-rate="1" complexity="1">
              <lines>
                <line number="43" hits="0" branch="false" />
                <line number="44" hits="0" branch="false" />
                <line number="45" hits="0" branch="false" />
              </lines>
            </method>
            <method name=".ctor" signature="(System.String,System.String,System.String)" line-rate="1" branch-rate="1" complexity="1">
              <lines>
                <line number="19" hits="267" branch="false" />
                <line number="20" hits="267" branch="false" />
                <line number="21" hits="267" branch="false" />
                <line number="22" hits="267" branch="false" />
                <line number="23" hits="267" branch="false" />
                <line number="24" hits="267" branch="false" />
              </lines>
            </method>
          </methods>
          <lines>
            <line number="19" hits="267" branch="false" />
            <line number="20" hits="267" branch="false" />
            <line number="21" hits="267" branch="false" />
            <line number="22" hits="267" branch="false" />
            <line number="23" hits="267" branch="false" />
            <line number="24" hits="267" branch="false" />
            <line number="29" hits="267" branch="false" />
            <line number="34" hits="267" branch="false" />
            <line number="39" hits="267" branch="false" />
            <line number="43" hits="0" branch="false" />
            <line number="44" hits="0" branch="false" />
            <line number="45" hits="0" branch="false" />
          </lines>
        </class>
        <class name="BrowserSelector.Core.Models.LanguageInfo" filename="D:\Project\BrowserSelector\src\BrowserSelector.Core\Models\LanguageInfo.cs" line-rate="0.3684210526315789" branch-rate="0" complexity="8">
          <methods>
            <method name="get_CultureCode" signature="()" line-rate="1" branch-rate="1" complexity="1">
              <lines>
                <line number="35" hits="214" branch="false" />
              </lines>
            </method>
            <method name="get_DisplayName" signature="()" line-rate="1" branch-rate="1" complexity="1">
              <lines>
                <line number="40" hits="214" branch="false" />
              </lines>
            </method>
            <method name="ToString" signature="()" line-rate="0" branch-rate="1" complexity="1">
              <lines>
                <line number="47" hits="0" branch="false" />
                <line number="48" hits="0" branch="false" />
                <line number="49" hits="0" branch="false" />
              </lines>
            </method>
            <method name="Equals" signature="(System.Object)" line-rate="0" branch-rate="0" complexity="2">
              <lines>
                <line number="56" hits="0" branch="false" />
                <line number="57" hits="0" branch="true" condition-coverage="0% (0/2)" />
                <line number="58" hits="0" branch="false" />
              </lines>
            </method>
            <method name="GetHashCode" signature="()" line-rate="0" branch-rate="1" complexity="1">
              <lines>
                <line number="65" hits="0" branch="false" />
                <line number="66" hits="0" branch="false" />
                <line number="67" hits="0" branch="false" />
              </lines>
            </method>
            <method name=".ctor" signature="()" line-rate="0" branch-rate="1" complexity="1">
              <lines>
                <line number="16" hits="0" branch="false" />
                <line number="17" hits="0" branch="false" />
                <line number="18" hits="0" branch="false" />
              </lines>
            </method>
            <method name=".ctor" signature="(System.String,System.String)" line-rate="1" branch-rate="1" complexity="1">
              <lines>
                <line number="26" hits="78" branch="false" />
                <line number="27" hits="78" branch="false" />
                <line number="28" hits="78" branch="false" />
                <line number="29" hits="78" branch="false" />
                <line number="30" hits="78" branch="false" />
              </lines>
            </method>
          </methods>
          <lines>
            <line number="16" hits="0" branch="false" />
            <line number="17" hits="0" branch="false" />
            <line number="18" hits="0" branch="false" />
            <line number="26" hits="78" branch="false" />
            <line number="27" hits="78" branch="false" />
            <line number="28" hits="78" branch="false" />
            <line number="29" hits="78" branch="false" />
            <line number="30" hits="78" branch="false" />
            <line number="35" hits="214" branch="false" />
            <line number="40" hits="214" branch="false" />
            <line number="47" hits="0" branch="false" />
            <line number="48" hits="0" branch="false" />
            <line number="49" hits="0" branch="false" />
            <line number="56" hits="0" branch="false" />
            <line number="57" hits="0" branch="true" condition-coverage="0% (0/2)" />
            <line number="58" hits="0" branch="false" />
            <line number="65" hits="0" branch="false" />
            <line number="66" hits="0" branch="false" />
            <line number="67" hits="0" branch="false" />
          </lines>
        </class>
        <class name="BrowserSelector.Core.Models.LogSettings" filename="D:\Project\BrowserSelector\src\BrowserSelector.Core\Models\LogSettings.cs" line-rate="0.8695652173913043" branch-rate="0.5" complexity="4">
          <methods>
            <method name="GetDefaultLogFolder" signature="()" line-rate="1" branch-rate="1" complexity="1">
              <lines>
                <line number="87" hits="68" branch="false" />
                <line number="88" hits="68" branch="false" />
                <line number="89" hits="68" branch="false" />
                <line number="90" hits="68" branch="false" />
              </lines>
            </method>
            <method name="GetLogFilePath" signature="()" line-rate="0.625" branch-rate="0.5" complexity="2">
              <lines>
                <line number="97" hits="127" branch="false" />
                <line number="98" hits="127" branch="true" condition-coverage="50% (1/2)" />
                <line number="99" hits="0" branch="false" />
                <line number="100" hits="0" branch="false" />
                <line number="101" hits="0" branch="false" />
                <line number="103" hits="127" branch="false" />
                <line number="104" hits="127" branch="false" />
                <line number="105" hits="127" branch="false" />
              </lines>
            </method>
            <method name=".ctor" signature="()" line-rate="1" branch-rate="1" complexity="1">
              <lines>
                <line number="20" hits="197" branch="false" />
                <line number="26" hits="197" branch="false" />
                <line number="32" hits="197" branch="false" />
                <line number="38" hits="197" branch="false" />
                <line number="44" hits="197" branch="false" />
                <line number="50" hits="197" branch="false" />
                <line number="56" hits="197" branch="false" />
                <line number="62" hits="197" branch="false" />
                <line number="68" hits="197" branch="false" />
                <line number="74" hits="197" branch="false" />
                <line number="80" hits="197" branch="false" />
              </lines>
            </method>
          </methods>
          <lines>
            <line number="20" hits="197" branch="false" />
            <line number="26" hits="197" branch="false" />
            <line number="32" hits="197" branch="false" />
            <line number="38" hits="197" branch="false" />
            <line number="44" hits="197" branch="false" />
            <line number="50" hits="197" branch="false" />
            <line number="56" hits="197" branch="false" />
            <line number="62" hits="197" branch="false" />
            <line number="68" hits="197" branch="false" />
            <line number="74" hits="197" branch="false" />
            <line number="80" hits="197" branch="false" />
            <line number="87" hits="68" branch="false" />
            <line number="88" hits="68" branch="false" />
            <line number="89" hits="68" branch="false" />
            <line number="90" hits="68" branch="false" />
            <line number="97" hits="127" branch="false" />
            <line number="98" hits="127" branch="true" condition-coverage="50% (1/2)" />
            <line number="99" hits="0" branch="false" />
            <line number="100" hits="0" branch="false" />
            <line number="101" hits="0" branch="false" />
            <line number="103" hits="127" branch="false" />
            <line number="104" hits="127" branch="false" />
            <line number="105" hits="127" branch="false" />
          </lines>
        </class>
        <class name="BrowserSelector.Core.Models.ProtocolRegistrationInfo" filename="D:\Project\BrowserSelector\src\BrowserSelector.Core\Models\ProtocolRegistrationInfo.cs" line-rate="0" branch-rate="1" complexity="4">
          <methods>
            <method name="get_ProtocolName" signature="()" line-rate="0" branch-rate="1" complexity="1">
              <lines>
                <line number="15" hits="0" branch="false" />
              </lines>
            </method>
            <method name="get_Description" signature="()" line-rate="0" branch-rate="1" complexity="1">
              <lines>
                <line number="20" hits="0" branch="false" />
              </lines>
            </method>
            <method name="get_Command" signature="()" line-rate="0" branch-rate="1" complexity="1">
              <lines>
                <line number="25" hits="0" branch="false" />
              </lines>
            </method>
            <method name="get_IsRegistered" signature="()" line-rate="0" branch-rate="1" complexity="1">
              <lines>
                <line number="30" hits="0" branch="false" />
              </lines>
            </method>
          </methods>
          <lines>
            <line number="15" hits="0" branch="false" />
            <line number="20" hits="0" branch="false" />
            <line number="25" hits="0" branch="false" />
            <line number="30" hits="0" branch="false" />
          </lines>
        </class>
        <class name="BrowserSelector.Core.Models.SystemTrayEventArgs" filename="D:\Project\BrowserSelector\src\BrowserSelector.Core\Models\SystemTrayEventArgs.cs" line-rate="0" branch-rate="1" complexity="3">
          <methods>
            <method name="get_ActionType" signature="()" line-rate="0" branch-rate="1" complexity="1">
              <lines>
                <line number="26" hits="0" branch="false" />
              </lines>
            </method>
            <method name="get_Data" signature="()" line-rate="0" branch-rate="1" complexity="1">
              <lines>
                <line number="31" hits="0" branch="false" />
              </lines>
            </method>
            <method name=".ctor" signature="(BrowserSelector.Core.Models.SystemTrayActionType,System.Object)" line-rate="0" branch-rate="1" complexity="1">
              <lines>
                <line number="17" hits="0" branch="false" />
                <line number="18" hits="0" branch="false" />
                <line number="19" hits="0" branch="false" />
                <line number="20" hits="0" branch="false" />
                <line number="21" hits="0" branch="false" />
              </lines>
            </method>
          </methods>
          <lines>
            <line number="17" hits="0" branch="false" />
            <line number="18" hits="0" branch="false" />
            <line number="19" hits="0" branch="false" />
            <line number="20" hits="0" branch="false" />
            <line number="21" hits="0" branch="false" />
            <line number="26" hits="0" branch="false" />
            <line number="31" hits="0" branch="false" />
          </lines>
        </class>
        <class name="BrowserSelector.Core.Models.SystemTrayMenuItem" filename="D:\Project\BrowserSelector\src\BrowserSelector.Core\Models\SystemTrayMenuItem.cs" line-rate="0" branch-rate="1" complexity="6">
          <methods>
            <method name="get_Text" signature="()" line-rate="0" branch-rate="1" complexity="1">
              <lines>
                <line number="15" hits="0" branch="false" />
              </lines>
            </method>
            <method name="get_Action" signature="()" line-rate="0" branch-rate="1" complexity="1">
              <lines>
                <line number="20" hits="0" branch="false" />
              </lines>
            </method>
            <method name="get_IsEnabled" signature="()" line-rate="0" branch-rate="1" complexity="1">
              <lines>
                <line number="25" hits="0" branch="false" />
              </lines>
            </method>
            <method name="get_IsVisible" signature="()" line-rate="0" branch-rate="1" complexity="1">
              <lines>
                <line number="30" hits="0" branch="false" />
              </lines>
            </method>
            <method name="get_IsSeparator" signature="()" line-rate="0" branch-rate="1" complexity="1">
              <lines>
                <line number="35" hits="0" branch="false" />
              </lines>
            </method>
            <method name="get_SubItems" signature="()" line-rate="0" branch-rate="1" complexity="1">
              <lines>
                <line number="40" hits="0" branch="false" />
              </lines>
            </method>
          </methods>
          <lines>
            <line number="15" hits="0" branch="false" />
            <line number="20" hits="0" branch="false" />
            <line number="25" hits="0" branch="false" />
            <line number="30" hits="0" branch="false" />
            <line number="35" hits="0" branch="false" />
            <line number="40" hits="0" branch="false" />
          </lines>
        </class>
        <class name="BrowserSelector.Core.Models.SystemTrayMenuItems" filename="D:\Project\BrowserSelector\src\BrowserSelector.Core\Models\SystemTrayMenuItems.cs" line-rate="0" branch-rate="1" complexity="1">
          <methods>
            <method name="get_Items" signature="()" line-rate="0" branch-rate="1" complexity="1">
              <lines>
                <line number="15" hits="0" branch="false" />
              </lines>
            </method>
          </methods>
          <lines>
            <line number="15" hits="0" branch="false" />
          </lines>
        </class>
        <class name="BrowserSelector.Core.Models.UpdateAvailableEventArgs" filename="D:\Project\BrowserSelector\src\BrowserSelector.Core\Models\UpdateAvailableEventArgs.cs" line-rate="0" branch-rate="1" complexity="2">
          <methods>
            <method name="get_UpdateInfo" signature="()" line-rate="0" branch-rate="1" complexity="1">
              <lines>
                <line number="24" hits="0" branch="false" />
              </lines>
            </method>
            <method name=".ctor" signature="(BrowserSelector.Core.Models.UpdateInfo)" line-rate="0" branch-rate="1" complexity="1">
              <lines>
                <line number="16" hits="0" branch="false" />
                <line number="17" hits="0" branch="false" />
                <line number="18" hits="0" branch="false" />
                <line number="19" hits="0" branch="false" />
              </lines>
            </method>
          </methods>
          <lines>
            <line number="16" hits="0" branch="false" />
            <line number="17" hits="0" branch="false" />
            <line number="18" hits="0" branch="false" />
            <line number="19" hits="0" branch="false" />
            <line number="24" hits="0" branch="false" />
          </lines>
        </class>
        <class name="BrowserSelector.Core.Models.UpdateInfo" filename="D:\Project\BrowserSelector\src\BrowserSelector.Core\Models\UpdateInfo.cs" line-rate="0" branch-rate="1" complexity="18">
          <methods>
            <method name="get_Version" signature="()" line-rate="0" branch-rate="1" complexity="1">
              <lines>
                <line number="15" hits="0" branch="false" />
              </lines>
            </method>
            <method name="get_DownloadUrl" signature="()" line-rate="0" branch-rate="1" complexity="1">
              <lines>
                <line number="20" hits="0" branch="false" />
              </lines>
            </method>
            <method name="get_ReleaseNotes" signature="()" line-rate="0" branch-rate="1" complexity="1">
              <lines>
                <line number="25" hits="0" branch="false" />
              </lines>
            </method>
            <method name="get_FileSize" signature="()" line-rate="0" branch-rate="1" complexity="1">
              <lines>
                <line number="30" hits="0" branch="false" />
              </lines>
            </method>
            <method name="get_Checksum" signature="()" line-rate="0" branch-rate="1" complexity="1">
              <lines>
                <line number="35" hits="0" branch="false" />
              </lines>
            </method>
            <method name="get_ReleaseDate" signature="()" line-rate="0" branch-rate="1" complexity="1">
              <lines>
                <line number="40" hits="0" branch="false" />
              </lines>
            </method>
            <method name="get_LocalFilePath" signature="()" line-rate="0" branch-rate="1" complexity="1">
              <lines>
                <line number="45" hits="0" branch="false" />
              </lines>
            </method>
            <method name="get_IsDownloaded" signature="()" line-rate="0" branch-rate="1" complexity="1">
              <lines>
                <line number="50" hits="0" branch="false" />
              </lines>
            </method>
            <method name="get_IsInstalled" signature="()" line-rate="0" branch-rate="1" complexity="1">
              <lines>
                <line number="55" hits="0" branch="false" />
              </lines>
            </method>
            <method name="get_IsAvailable" signature="()" line-rate="0" branch-rate="1" complexity="1">
              <lines>
                <line number="60" hits="0" branch="false" />
              </lines>
            </method>
            <method name="get_IsRequired" signature="()" line-rate="0" branch-rate="1" complexity="1">
              <lines>
                <line number="65" hits="0" branch="false" />
              </lines>
            </method>
            <method name="get_Description" signature="()" line-rate="0" branch-rate="1" complexity="1">
              <lines>
                <line number="70" hits="0" branch="false" />
              </lines>
            </method>
            <method name="get_Title" signature="()" line-rate="0" branch-rate="1" complexity="1">
              <lines>
                <line number="75" hits="0" branch="false" />
              </lines>
            </method>
            <method name="get_UpdateType" signature="()" line-rate="0" branch-rate="1" complexity="1">
              <lines>
                <line number="80" hits="0" branch="false" />
              </lines>
            </method>
            <method name="get_Priority" signature="()" line-rate="0" branch-rate="1" complexity="1">
              <lines>
                <line number="85" hits="0" branch="false" />
              </lines>
            </method>
            <method name="get_Category" signature="()" line-rate="0" branch-rate="1" complexity="1">
              <lines>
                <line number="90" hits="0" branch="false" />
              </lines>
            </method>
            <method name="get_Tags" signature="()" line-rate="0" branch-rate="1" complexity="1">
              <lines>
                <line number="95" hits="0" branch="false" />
              </lines>
            </method>
            <method name="get_Metadata" signature="()" line-rate="0" branch-rate="1" complexity="1">
              <lines>
                <line number="100" hits="0" branch="false" />
              </lines>
            </method>
          </methods>
          <lines>
            <line number="15" hits="0" branch="false" />
            <line number="20" hits="0" branch="false" />
            <line number="25" hits="0" branch="false" />
            <line number="30" hits="0" branch="false" />
            <line number="35" hits="0" branch="false" />
            <line number="40" hits="0" branch="false" />
            <line number="45" hits="0" branch="false" />
            <line number="50" hits="0" branch="false" />
            <line number="55" hits="0" branch="false" />
            <line number="60" hits="0" branch="false" />
            <line number="65" hits="0" branch="false" />
            <line number="70" hits="0" branch="false" />
            <line number="75" hits="0" branch="false" />
            <line number="80" hits="0" branch="false" />
            <line number="85" hits="0" branch="false" />
            <line number="90" hits="0" branch="false" />
            <line number="95" hits="0" branch="false" />
            <line number="100" hits="0" branch="false" />
          </lines>
        </class>
        <class name="BrowserSelector.Core.Models.UrlRule" filename="D:\Project\BrowserSelector\src\BrowserSelector.Core\Models\UrlRule.cs" line-rate="0.6086956521739131" branch-rate="0.4" complexity="39">
          <methods>
            <method name="get_Id" signature="()" line-rate="1" branch-rate="1" complexity="1">
              <lines>
                <line number="17" hits="133" branch="false" />
              </lines>
            </method>
            <method name="get_Pattern" signature="()" line-rate="1" branch-rate="1" complexity="1">
              <lines>
                <line number="24" hits="225" branch="false" />
              </lines>
            </method>
            <method name="get_BrowserName" signature="()" line-rate="1" branch-rate="1" complexity="1">
              <lines>
                <line number="31" hits="171" branch="false" />
              </lines>
            </method>
            <method name="get_Priority" signature="()" line-rate="1" branch-rate="1" complexity="1">
              <lines>
                <line number="37" hits="189" branch="false" />
              </lines>
            </method>
            <method name="get_IsEnabled" signature="()" line-rate="1" branch-rate="1" complexity="1">
              <lines>
                <line number="42" hits="141" branch="false" />
              </lines>
            </method>
            <method name="get_Description" signature="()" line-rate="1" branch-rate="1" complexity="1">
              <lines>
                <line number="48" hits="137" branch="false" />
              </lines>
            </method>
            <method name="get_CreatedAt" signature="()" line-rate="1" branch-rate="1" complexity="1">
              <lines>
                <line number="53" hits="127" branch="false" />
              </lines>
            </method>
            <method name="get_UpdatedAt" signature="()" line-rate="1" branch-rate="1" complexity="1">
              <lines>
                <line number="58" hits="127" branch="false" />
              </lines>
            </method>
            <method name="get_DisplayName" signature="()" line-rate="1" branch-rate="1" complexity="1">
              <lines>
                <line number="63" hits="7" branch="false" />
              </lines>
            </method>
            <method name="IsMatch" signature="(System.String)" line-rate="0.7272727272727273" branch-rate="0.5" complexity="6">
              <lines>
                <line number="71" hits="17" branch="false" />
                <line number="72" hits="17" branch="true" condition-coverage="50% (2/4)" />
                <line number="73" hits="0" branch="false" />
                <line number="74" hits="0" branch="false" />
                <line number="78" hits="17" branch="false" />
                <line number="79" hits="17" branch="false" />
                <line number="82" hits="17" branch="true" condition-coverage="50% (1/2)" />
                <line number="83" hits="17" branch="false" />
                <line number="84" hits="17" branch="false" />
                <line number="88" hits="0" branch="false" />
                <line number="89" hits="17" branch="false" />
              </lines>
            </method>
            <method name="IsMatch" signature="(System.Uri)" line-rate="0.7333333333333333" branch-rate="0.6666666666666666" complexity="6">
              <lines>
                <line number="97" hits="9" branch="false" />
                <line number="98" hits="9" branch="true" condition-coverage="50% (1/2)" />
                <line number="99" hits="0" branch="false" />
                <line number="100" hits="0" branch="false" />
                <line number="104" hits="9" branch="false" />
                <line number="105" hits="9" branch="true" condition-coverage="100% (2/2)" />
                <line number="106" hits="5" branch="false" />
                <line number="107" hits="5" branch="false" />
                <line number="111" hits="4" branch="false" />
                <line number="112" hits="4" branch="true" condition-coverage="50% (1/2)" />
                <line number="113" hits="0" branch="false" />
                <line number="114" hits="0" branch="false" />
                <line number="118" hits="4" branch="false" />
                <line number="119" hits="4" branch="false" />
                <line number="120" hits="9" branch="false" />
              </lines>
            </method>
            <method name="GetDetails" signature="()" line-rate="1" branch-rate="0.5" complexity="4">
              <lines>
                <line number="127" hits="3" branch="false" />
                <line number="128" hits="3" branch="true" condition-coverage="50% (1/2)" />
                <line number="129" hits="3" branch="true" condition-coverage="50% (1/2)" />
                <line number="130" hits="3" branch="false" />
                <line number="131" hits="3" branch="false" />
              </lines>
            </method>
            <method name="IsWildcardMatch" signature="(System.String,System.String)" line-rate="0.3103448275862069" branch-rate="0.21428571428571427" complexity="14">
              <lines>
                <line number="140" hits="17" branch="false" />
                <line number="142" hits="17" branch="false" />
                <line number="144" hits="17" branch="true" condition-coverage="50% (1/2)" />
                <line number="145" hits="0" branch="false" />
                <line number="146" hits="0" branch="false" />
                <line number="149" hits="17" branch="true" condition-coverage="50% (1/2)" />
                <line number="150" hits="17" branch="false" />
                <line number="152" hits="17" branch="true" condition-coverage="50% (1/2)" />
                <line number="153" hits="17" branch="false" />
                <line number="154" hits="17" branch="false" />
                <line number="157" hits="0" branch="true" condition-coverage="0% (0/2)" />
                <line number="158" hits="0" branch="false" />
                <line number="159" hits="0" branch="false" />
                <line number="161" hits="0" branch="false" />
                <line number="164" hits="0" branch="true" condition-coverage="0% (0/2)" />
                <line number="165" hits="0" branch="false" />
                <line number="166" hits="0" branch="false" />
                <line number="167" hits="0" branch="false" />
                <line number="171" hits="0" branch="false" />
                <line number="172" hits="0" branch="true" condition-coverage="0% (0/2)" />
                <line number="173" hits="0" branch="false" />
                <line number="174" hits="0" branch="false" />
                <line number="175" hits="0" branch="true" condition-coverage="0% (0/2)" />
                <line number="176" hits="0" branch="false" />
                <line number="177" hits="0" branch="false" />
                <line number="180" hits="0" branch="false" />
                <line number="181" hits="0" branch="false" />
                <line number="183" hits="0" branch="false" />
                <line number="184" hits="17" branch="false" />
              </lines>
            </method>
          </methods>
          <lines>
            <line number="17" hits="133" branch="false" />
            <line number="24" hits="225" branch="false" />
            <line number="31" hits="171" branch="false" />
            <line number="37" hits="189" branch="false" />
            <line number="42" hits="141" branch="false" />
            <line number="48" hits="137" branch="false" />
            <line number="53" hits="127" branch="false" />
            <line number="58" hits="127" branch="false" />
            <line number="63" hits="7" branch="false" />
            <line number="71" hits="17" branch="false" />
            <line number="72" hits="17" branch="true" condition-coverage="50% (2/4)" />
            <line number="73" hits="0" branch="false" />
            <line number="74" hits="0" branch="false" />
            <line number="78" hits="17" branch="false" />
            <line number="79" hits="17" branch="false" />
            <line number="82" hits="17" branch="true" condition-coverage="50% (1/2)" />
            <line number="83" hits="17" branch="false" />
            <line number="84" hits="17" branch="false" />
            <line number="88" hits="0" branch="false" />
            <line number="89" hits="17" branch="false" />
            <line number="97" hits="9" branch="false" />
            <line number="98" hits="9" branch="true" condition-coverage="50% (1/2)" />
            <line number="99" hits="0" branch="false" />
            <line number="100" hits="0" branch="false" />
            <line number="104" hits="9" branch="false" />
            <line number="105" hits="9" branch="true" condition-coverage="100% (2/2)" />
            <line number="106" hits="5" branch="false" />
            <line number="107" hits="5" branch="false" />
            <line number="111" hits="4" branch="false" />
            <line number="112" hits="4" branch="true" condition-coverage="50% (1/2)" />
[...]
                <line number="163" hits="2" branch="true" condition-coverage="50% (1/2)" />
                <line number="164" hits="2" branch="false" />
                <line number="168" hits="6" branch="true" condition-coverage="100% (2/2)" />
                <line number="169" hits="1" branch="false" />
                <line number="170" hits="1" branch="true" condition-coverage="50% (1/2)" />
                <line number="171" hits="1" branch="false" />
                <line number="175" hits="5" branch="true" condition-coverage="100% (4/4)" />
                <line number="176" hits="5" branch="false" />
                <line number="177" hits="1" branch="false" />
                <line number="178" hits="1" branch="true" condition-coverage="50% (1/2)" />
                <line number="179" hits="1" branch="false" />
                <line number="182" hits="4" branch="true" condition-coverage="50% (1/2)" />
                <line number="183" hits="4" branch="false" />
                <line number="185" hits="0" branch="false" />
                <line number="186" hits="0" branch="false" />
                <line number="187" hits="0" branch="true" condition-coverage="0% (0/2)" />
                <line number="188" hits="0" branch="false" />
                <line number="190" hits="9" branch="false" />
              </lines>
            </method>
            <method name="ValidateVisualSettingsAsync" signature="(BrowserSelector.Core.Models.VisualSettings)" line-rate="1" branch-rate="0.7916666666666666" complexity="24">
              <lines>
                <line number="198" hits="11" branch="false" />
                <line number="199" hits="11" branch="true" condition-coverage="100% (2/2)" />
                <line number="200" hits="1" branch="false" />
                <line number="201" hits="1" branch="false" />
                <line number="204" hits="10" branch="true" condition-coverage="50% (1/2)" />
                <line number="207" hits="10" branch="true" condition-coverage="100% (4/4)" />
                <line number="208" hits="1" branch="false" />
                <line number="209" hits="1" branch="true" condition-coverage="50% (1/2)" />
                <line number="210" hits="1" branch="false" />
                <line number="213" hits="9" branch="true" condition-coverage="100% (4/4)" />
                <line number="214" hits="1" branch="false" />
                <line number="215" hits="1" branch="true" condition-coverage="50% (1/2)" />
                <line number="216" hits="1" branch="false" />
                <line number="220" hits="8" branch="true" condition-coverage="100% (4/4)" />
                <line number="221" hits="8" branch="false" />
                <line number="222" hits="1" branch="false" />
                <line number="223" hits="1" branch="true" condition-coverage="50% (1/2)" />
                <line number="224" hits="1" branch="false" />
                <line number="227" hits="7" branch="true" condition-coverage="50% (1/2)" />
                <line number="228" hits="7" branch="false" />
                <line number="229" hits="11" branch="false" />
              </lines>
            </method>
            <method name="ValidateUrlRuleAsync" signature="(BrowserSelector.Core.Models.UrlRule)" line-rate="0.78125" branch-rate="0.5833333333333334" complexity="24">
              <lines>
                <line number="237" hits="9" branch="false" />
                <line number="238" hits="9" branch="true" condition-coverage="100% (2/2)" />
                <line number="239" hits="1" branch="false" />
                <line number="240" hits="1" branch="false" />
                <line number="243" hits="8" branch="true" condition-coverage="50% (1/2)" />
                <line number="246" hits="8" branch="false" />
                <line number="248" hits="8" branch="true" condition-coverage="50% (1/2)" />
                <line number="249" hits="0" branch="false" />
                <line number="250" hits="0" branch="true" condition-coverage="0% (0/2)" />
                <line number="251" hits="0" branch="false" />
                <line number="256" hits="8" branch="false" />
                <line number="257" hits="8" branch="false" />
                <line number="258" hits="7" branch="false" />
                <line number="259" hits="1" branch="false" />
                <line number="260" hits="1" branch="false" />
                <line number="261" hits="1" branch="true" condition-coverage="50% (1/2)" />
                <line number="262" hits="1" branch="false" />
                <line number="266" hits="7" branch="true" condition-coverage="100% (2/2)" />
                <line number="267" hits="2" branch="false" />
                <line number="268" hits="2" branch="true" condition-coverage="50% (1/2)" />
                <line number="269" hits="2" branch="false" />
                <line number="273" hits="5" branch="true" condition-coverage="100% (4/4)" />
                <line number="274" hits="2" branch="false" />
                <line number="275" hits="2" branch="true" condition-coverage="50% (1/2)" />
                <line number="276" hits="2" branch="false" />
                <line number="279" hits="3" branch="true" condition-coverage="50% (1/2)" />
                <line number="280" hits="3" branch="false" />
                <line number="282" hits="0" branch="false" />
                <line number="283" hits="0" branch="false" />
                <line number="284" hits="0" branch="true" condition-coverage="0% (0/2)" />
                <line number="285" hits="0" branch="false" />
                <line number="287" hits="9" branch="false" />
              </lines>
            </method>
            <method name="ValidateLogSettingsAsync" signature="(BrowserSelector.Core.Models.LogSettings)" line-rate="0.8571428571428571" branch-rate="0.6666666666666666" complexity="24">
              <lines>
                <line number="295" hits="12" branch="false" />
                <line number="296" hits="12" branch="true" condition-coverage="100% (2/2)" />
                <line number="297" hits="1" branch="false" />
                <line number="298" hits="1" branch="false" />
                <line number="301" hits="11" branch="true" condition-coverage="50% (1/2)" />
                <line number="304" hits="11" branch="true" condition-coverage="50% (2/4)" />
                <line number="305" hits="11" branch="false" />
                <line number="306" hits="0" branch="false" />
                <line number="307" hits="0" branch="true" condition-coverage="0% (0/2)" />
                <line number="308" hits="0" branch="false" />
                <line number="312" hits="11" branch="true" condition-coverage="100% (4/4)" />
                <line number="313" hits="2" branch="false" />
                <line number="314" hits="2" branch="true" condition-coverage="50% (1/2)" />
                <line number="315" hits="2" branch="false" />
                <line number="319" hits="9" branch="true" condition-coverage="100% (4/4)" />
                <line number="320" hits="2" branch="false" />
                <line number="321" hits="2" branch="true" condition-coverage="50% (1/2)" />
                <line number="322" hits="2" branch="false" />
                <line number="325" hits="7" branch="true" condition-coverage="50% (1/2)" />
                <line number="326" hits="7" branch="false" />
                <line number="327" hits="12" branch="false" />
              </lines>
            </method>
            <method name=".ctor" signature="(BrowserSelector.Core.Services.ILogService)" line-rate="1" branch-rate="1" complexity="1">
              <lines>
                <line number="20" hits="61" branch="false" />
                <line number="21" hits="61" branch="false" />
                <line number="22" hits="61" branch="false" />
                <line number="23" hits="61" branch="false" />
              </lines>
            </method>
          </methods>
          <lines>
            <line number="20" hits="61" branch="false" />
            <line number="21" hits="61" branch="false" />
            <line number="22" hits="61" branch="false" />
            <line number="23" hits="61" branch="false" />
            <line number="30" hits="1" branch="false" />
            <line number="31" hits="1" branch="false" />
            <line number="32" hits="1" branch="false" />
            <line number="40" hits="9" branch="false" />
            <line number="41" hits="9" branch="true" condition-coverage="100% (2/2)" />
            <line number="42" hits="1" branch="false" />
            <line number="43" hits="1" branch="false" />
            <line number="46" hits="8" branch="true" condition-coverage="50% (1/2)" />
            <line number="49" hits="8" branch="false" />
            <line number="51" hits="8" branch="true" condition-coverage="100% (2/2)" />
            <line number="52" hits="2" branch="false" />
            <line number="53" hits="2" branch="true" condition-coverage="50% (1/2)" />
            <line number="54" hits="2" branch="false" />
            <line number="57" hits="6" branch="true" condition-coverage="100% (2/2)" />
            <line number="58" hits="2" branch="false" />
            <line number="59" hits="2" branch="true" condition-coverage="50% (1/2)" />
            <line number="60" hits="2" branch="false" />
            <line number="64" hits="4" branch="true" condition-coverage="100% (2/2)" />
            <line number="65" hits="3" branch="false" />
            <line number="66" hits="3" branch="true" condition-coverage="50% (1/2)" />
            <line number="67" hits="3" branch="false" />
            <line number="71" hits="1" branch="false" />
            <line number="72" hits="1" branch="true" condition-coverage="50% (1/2)" />
            <line number="73" hits="0" branch="false" />
            <line number="74" hits="0" branch="true" condition-coverage="0% (0/2)" />
            <line number="75" hits="0" branch="false" />
            <line number="78" hits="1" branch="true" condition-coverage="50% (1/2)" />
            <line number="79" hits="1" branch="false" />
            <line number="81" hits="0" branch="false" />
            <line number="82" hits="0" branch="false" />
            <line number="83" hits="0" branch="true" condition-coverage="0% (0/2)" />
            <line number="84" hits="0" branch="false" />
            <line number="86" hits="0" branch="false" />
            <line number="87" hits="0" branch="false" />
            <line number="88" hits="0" branch="true" condition-coverage="0% (0/2)" />
            <line number="89" hits="0" branch="false" />
            <line number="91" hits="9" branch="false" />
            <line number="99" hits="10" branch="false" />
            <line number="100" hits="10" branch="true" condition-coverage="50% (1/2)" />
            <line number="103" hits="10" branch="false" />
            <line number="104" hits="10" branch="true" condition-coverage="100% (2/2)" />
            <line number="105" hits="2" branch="false" />
            <line number="106" hits="2" branch="true" condition-coverage="50% (1/2)" />
            <line number="107" hits="2" branch="false" />
            <line number="110" hits="8" branch="false" />
            <line number="113" hits="8" branch="true" condition-coverage="100% (8/8)" />
            <line number="114" hits="8" branch="false" />
            <line number="115" hits="8" branch="false" />
            <line number="116" hits="8" branch="false" />
            <line number="117" hits="2" branch="false" />
            <line number="118" hits="2" branch="false" />
            <line number="119" hits="2" branch="true" condition-coverage="50% (1/2)" />
            <line number="120" hits="2" branch="false" />
            <line number="123" hits="8" branch="true" condition-coverage="100% (2/2)" />
            <line number="124" hits="1" branch="false" />
            <line number="125" hits="1" branch="true" condition-coverage="50% (1/2)" />
            <line number="126" hits="1" branch="false" />
            <line number="129" hits="7" branch="true" condition-coverage="50% (1/2)" />
            <line number="130" hits="7" branch="false" />
            <line number="132" hits="0" branch="false" />
            <line number="133" hits="0" branch="false" />
            <line number="134" hits="0" branch="true" condition-coverage="0% (0/2)" />
            <line number="135" hits="0" branch="false" />
            <line number="137" hits="0" branch="false" />
            <line number="138" hits="0" branch="false" />
            <line number="139" hits="0" branch="true" condition-coverage="0% (0/2)" />
            <line number="140" hits="0" branch="false" />
            <line number="142" hits="10" branch="false" />
            <line number="150" hits="9" branch="false" />
            <line number="151" hits="9" branch="true" condition-coverage="100% (2/2)" />
            <line number="152" hits="1" branch="false" />
            <line number="153" hits="1" branch="false" />
            <line number="156" hits="8" branch="true" condition-coverage="50% (1/2)" />
            <line number="159" hits="8" branch="false" />
            <line number="161" hits="8" branch="true" condition-coverage="100% (2/2)" />
            <line number="162" hits="2" branch="false" />
            <line number="163" hits="2" branch="true" condition-coverage="50% (1/2)" />
            <line number="164" hits="2" branch="false" />
            <line number="168" hits="6" branch="true" condition-coverage="100% (2/2)" />
            <line number="169" hits="1" branch="false" />
            <line number="170" hits="1" branch="true" condition-coverage="50% (1/2)" />
            <line number="171" hits="1" branch="false" />
            <line number="175" hits="5" branch="true" condition-coverage="100% (4/4)" />
            <line number="176" hits="5" branch="false" />
            <line number="177" hits="1" branch="false" />
            <line number="178" hits="1" branch="true" condition-coverage="50% (1/2)" />
            <line number="179" hits="1" branch="false" />
            <line number="182" hits="4" branch="true" condition-coverage="50% (1/2)" />
            <line number="183" hits="4" branch="false" />
            <line number="185" hits="0" branch="false" />
            <line number="186" hits="0" branch="false" />
            <line number="187" hits="0" branch="true" condition-coverage="0% (0/2)" />
            <line number="188" hits="0" branch="false" />
            <line number="190" hits="9" branch="false" />
            <line number="198" hits="11" branch="false" />
            <line number="199" hits="11" branch="true" condition-coverage="100% (2/2)" />
            <line number="200" hits="1" branch="false" />
            <line number="201" hits="1" branch="false" />
            <line number="204" hits="10" branch="true" condition-coverage="50% (1/2)" />
            <line number="207" hits="10" branch="true" condition-coverage="100% (4/4)" />
            <line number="208" hits="1" branch="false" />
            <line number="209" hits="1" branch="true" condition-coverage="50% (1/2)" />
            <line number="210" hits="1" branch="false" />
            <line number="213" hits="9" branch="true" condition-coverage="100% (4/4)" />
            <line number="214" hits="1" branch="false" />
            <line number="215" hits="1" branch="true" condition-coverage="50% (1/2)" />
            <line number="216" hits="1" branch="false" />
            <line number="220" hits="8" branch="true" condition-coverage="100% (4/4)" />
            <line number="221" hits="8" branch="false" />
            <line number="222" hits="1" branch="false" />
            <line number="223" hits="1" branch="true" condition-coverage="50% (1/2)" />
            <line number="224" hits="1" branch="false" />
            <line number="227" hits="7" branch="true" condition-coverage="50% (1/2)" />
            <line number="228" hits="7" branch="false" />
            <line number="229" hits="11" branch="false" />
            <line number="237" hits="9" branch="false" />
            <line number="238" hits="9" branch="true" condition-coverage="100% (2/2)" />
            <line number="239" hits="1" branch="false" />
            <line number="240" hits="1" branch="false" />
            <line number="243" hits="8" branch="true" condition-coverage="50% (1/2)" />
            <line number="246" hits="8" branch="false" />
            <line number="248" hits="8" branch="true" condition-coverage="50% (1/2)" />
            <line number="249" hits="0" branch="false" />
            <line number="250" hits="0" branch="true" condition-coverage="0% (0/2)" />
            <line number="251" hits="0" branch="false" />
            <line number="256" hits="8" branch="false" />
            <line number="257" hits="8" branch="false" />
            <line number="258" hits="7" branch="false" />
            <line number="259" hits="1" branch="false" />
            <line number="260" hits="1" branch="false" />
            <line number="261" hits="1" branch="true" condition-coverage="50% (1/2)" />
            <line number="262" hits="1" branch="false" />
            <line number="266" hits="7" branch="true" condition-coverage="100% (2/2)" />
            <line number="267" hits="2" branch="false" />
            <line number="268" hits="2" branch="true" condition-coverage="50% (1/2)" />
            <line number="269" hits="2" branch="false" />
            <line number="273" hits="5" branch="true" condition-coverage="100% (4/4)" />
            <line number="274" hits="2" branch="false" />
            <line number="275" hits="2" branch="true" condition-coverage="50% (1/2)" />
            <line number="276" hits="2" branch="false" />
            <line number="279" hits="3" branch="true" condition-coverage="50% (1/2)" />
            <line number="280" hits="3" branch="false" />
            <line number="282" hits="0" branch="false" />
            <line number="283" hits="0" branch="false" />
            <line number="284" hits="0" branch="true" condition-coverage="0% (0/2)" />
            <line number="285" hits="0" branch="false" />
            <line number="287" hits="9" branch="false" />
            <line number="295" hits="12" branch="false" />
            <line number="296" hits="12" branch="true" condition-coverage="100% (2/2)" />
            <line number="297" hits="1" branch="false" />
            <line number="298" hits="1" branch="false" />
            <line number="301" hits="11" branch="true" condition-coverage="50% (1/2)" />
            <line number="304" hits="11" branch="true" condition-coverage="50% (2/4)" />
            <line number="305" hits="11" branch="false" />
            <line number="306" hits="0" branch="false" />
            <line number="307" hits="0" branch="true" condition-coverage="0% (0/2)" />
            <line number="308" hits="0" branch="false" />
            <line number="312" hits="11" branch="true" condition-coverage="100% (4/4)" />
            <line number="313" hits="2" branch="false" />
            <line number="314" hits="2" branch="true" condition-coverage="50% (1/2)" />
            <line number="315" hits="2" branch="false" />
            <line number="319" hits="9" branch="true" condition-coverage="100% (4/4)" />
            <line number="320" hits="2" branch="false" />
            <line number="321" hits="2" branch="true" condition-coverage="50% (1/2)" />
            <line number="322" hits="2" branch="false" />
            <line number="325" hits="7" branch="true" condition-coverage="50% (1/2)" />
            <line number="326" hits="7" branch="false" />
            <line number="327" hits="12" branch="false" />
          </lines>
        </class>
      </classes>
    </package>
  </packages>
</coverage>